<?xml version="1.0" encoding="UTF-8"?>
<!-- Generated by org.testng.reporters.JUnitXMLReporter -->
<testsuite hostname="DESKTOP-10QAI0L" ignored="0" name="Test" tests="3" failures="0" timestamp="2022-07-18T15:28:54 IST" time="0.479" errors="0">
  <testcase name="Sample2" time="0.138" classname="org.maven.MavenPractice"/>
  <testcase name="Sample3" time="0.138" classname="org.maven.MavenPractice"/>
  <testcase name="Sample1" time="0.139" classname="org.maven.MavenPractice"/>
</testsuite> <!-- Test -->
